<?xml version="1.0" encoding="UTF-8"?><testrun name="test (1) (Failed Tests first)" project="26- JUnit Testing" tests="3" started="0" failures="0" errors="1" ignored="0">
  <testsuite name="com.techlabs.BankAccount.test" incomplete="true" displayname="test" uniqueid="[engine:junit-jupiter]/[class:com.techlabs.BankAccount.test]">
    <error>org.junit.platform.commons.JUnitException: @BeforeAll method 'public void com.techlabs.BankAccount.test.before()' must be static unless the test class is annotated with @TestInstance(Lifecycle.PER_CLASS).&#13;
	at java.base/java.util.ArrayList.forEach(ArrayList.java:1511)&#13;
	at java.base/java.util.Collections$UnmodifiableCollection.forEach(Collections.java:1092)&#13;
	at java.base/java.util.ArrayList.forEach(ArrayList.java:1511)&#13;
&#13;
</error>
    <testcase name="before" classname="com.techlabs.BankAccount.test" incomplete="true" displayname="before()" uniqueid="[engine:junit-jupiter]/[class:com.techlabs.BankAccount.test]/[method:before()]"/>
    <testcase name="test_deposit_amount" classname="com.techlabs.BankAccount.test" incomplete="true" displayname="test_deposit_amount()" uniqueid="[engine:junit-jupiter]/[class:com.techlabs.BankAccount.test]/[method:test_deposit_amount()]"/>
    <testcase name="after" classname="com.techlabs.BankAccount.test" incomplete="true" displayname="after()" uniqueid="[engine:junit-jupiter]/[class:com.techlabs.BankAccount.test]/[method:after()]"/>
  </testsuite>
</testrun>
